Using pre-set license
Built from '2020.3/staging' branch; Version is '2020.3.8f1 (507919d4fff5) revision 5273881'; Using compiler version '192528614'; Build Type 'Release'
OS: 'Windows 10 Home; OS build 19041.985; Version 2004; 64bit' Language: 'en' Physical Memory: 12185 MB
BatchMode: 1, IsHumanControllingUs: 0, StartBugReporterOnCrash: 0, Is64bit: 1, IsPro: 0

 COMMAND LINE ARGUMENTS:
C:\Program Files\Unity\Hub\Editor\2020.3.8f1\Editor\Unity.exe
-adb2
-batchMode
-noUpm
-name
AssetImportWorker0
-projectPath
C:/Users/dougl/Documents/Unity3dProjects/GDTV 2021/Marching-Cubes
-logFile
Logs/AssetImportWorker0.log
-srvPort
60555
Successfully changed project path to: C:/Users/dougl/Documents/Unity3dProjects/GDTV 2021/Marching-Cubes
C:/Users/dougl/Documents/Unity3dProjects/GDTV 2021/Marching-Cubes
Using Asset Import Pipeline V2.
Refreshing native plugins compatible for Editor in 85.72 ms, found 0 plugins.
Preloading 0 native plugins for Editor in 0.00 ms.
Initialize engine version: 2020.3.8f1 (507919d4fff5)
[Subsystems] Discovering subsystems at path C:/Program Files/Unity/Hub/Editor/2020.3.8f1/Editor/Data/Resources/UnitySubsystems
[Subsystems] Discovering subsystems at path C:/Users/dougl/Documents/Unity3dProjects/GDTV 2021/Marching-Cubes/Assets
GfxDevice: creating device client; threaded=0
Direct3D:
    Version:  Direct3D 11.0 [level 11.1]
    Renderer: Intel(R) UHD Graphics 620 (ID=0x5917)
    Vendor:   
    VRAM:     6092 MB
    Driver:   27.20.100.8854
Initialize mono
Mono path[0] = 'C:/Program Files/Unity/Hub/Editor/2020.3.8f1/Editor/Data/Managed'
Mono path[1] = 'C:/Program Files/Unity/Hub/Editor/2020.3.8f1/Editor/Data/MonoBleedingEdge/lib/mono/unityjit'
Mono config path = 'C:/Program Files/Unity/Hub/Editor/2020.3.8f1/Editor/Data/MonoBleedingEdge/etc'
Using monoOptions --debugger-agent=transport=dt_socket,embedding=1,server=y,suspend=n,address=127.0.0.1:56312
Begin MonoManager ReloadAssembly
Registering precompiled unity dll's ...
Register platform support module: C:/Program Files/Unity/Hub/Editor/2020.3.8f1/Editor/Data/PlaybackEngines/WebGLSupport/UnityEditor.WebGL.Extensions.dll
Register platform support module: C:/Program Files/Unity/Hub/Editor/2020.3.8f1/Editor/Data/PlaybackEngines/MacStandaloneSupport/UnityEditor.OSXStandalone.Extensions.dll
Register platform support module: C:/Program Files/Unity/Hub/Editor/2020.3.8f1/Editor/Data/PlaybackEngines/WindowsStandaloneSupport/UnityEditor.WindowsStandalone.Extensions.dll
Registered in 0.008916 seconds.
Native extension for WindowsStandalone target not found
Native extension for OSXStandalone target not found
Native extension for WebGL target not found
Refreshing native plugins compatible for Editor in 67.17 ms, found 0 plugins.
Preloading 0 native plugins for Editor in 0.00 ms.
Mono: successfully reloaded assembly
- Completed reload, in  1.958 seconds
Platform modules already initialized, skipping
Registering precompiled user dll's ...
Registered in 0.003603 seconds.
Begin MonoManager ReloadAssembly
Native extension for WindowsStandalone target not found
Native extension for OSXStandalone target not found
Native extension for WebGL target not found
Refreshing native plugins compatible for Editor in 0.61 ms, found 0 plugins.
Preloading 0 native plugins for Editor in 0.00 ms.
Mono: successfully reloaded assembly
- Completed reload, in  1.150 seconds
Platform modules already initialized, skipping
========================================================================
Worker process is ready to serve import requests
Launched and connected shader compiler UnityShaderCompiler.exe after 0.27 seconds
Refreshing native plugins compatible for Editor in 0.60 ms, found 0 plugins.
Preloading 0 native plugins for Editor in 0.00 ms.
Unloading 1669 Unused Serialized files (Serialized files now loaded: 0)
System memory in use before: 72.7 MB.
System memory in use after: 72.8 MB.

Unloading 49 unused Assets to reduce memory usage. Loaded Objects now: 2084.
Total: 6.162300 ms (FindLiveObjects: 0.207200 ms CreateObjectMapping: 0.061600 ms MarkObjects: 5.809500 ms  DeleteObjects: 0.082800 ms)

========================================================================
Received Import Request.
  path: Assets/Scenes/Terrain.unity
  artifactKey: Guid(8c7a90472e0ce44c399bb36f11b1af13) Importer(815301076,1909f56bfc062723c751e8b465ee728b)
Start importing Assets/Scenes/Terrain.unity using Guid(8c7a90472e0ce44c399bb36f11b1af13) Importer(815301076,1909f56bfc062723c751e8b465ee728b)  -> (artifact id: '07e24fbeed3573f18f7e804a9b23cc05') in 0.045518 seconds
  Import took 0.050721 seconds .

========================================================================
Received Import Request.
  Time since last request: 0.000590 seconds.
  path: Assets/Scenes/Submarine.unity
  artifactKey: Guid(ea180d5c2a0fe4bd3a916b7b3c598eff) Importer(815301076,1909f56bfc062723c751e8b465ee728b)
Start importing Assets/Scenes/Submarine.unity using Guid(ea180d5c2a0fe4bd3a916b7b3c598eff) Importer(815301076,1909f56bfc062723c751e8b465ee728b)  -> (artifact id: '41cb3bfeb86cacb074ee61c7bdd24273') in 0.116975 seconds
  Import took 0.121946 seconds .

========================================================================
Received Import Request.
  Time since last request: 0.000696 seconds.
  path: Assets/Scenes/Terrain.unity
  artifactKey: Guid(8c7a90472e0ce44c399bb36f11b1af13) Importer(815301076,1909f56bfc062723c751e8b465ee728b)
Start importing Assets/Scenes/Terrain.unity using Guid(8c7a90472e0ce44c399bb36f11b1af13) Importer(815301076,1909f56bfc062723c751e8b465ee728b)  -> (artifact id: '07e24fbeed3573f18f7e804a9b23cc05') in 0.008597 seconds
  Import took 0.011780 seconds .

========================================================================
Received Import Request.
  Time since last request: 0.000504 seconds.
  path: Assets/Scenes
  artifactKey: Guid(c9b1c1ab36fc04a72bcacdfd8c1dc05b) Importer(815301076,1909f56bfc062723c751e8b465ee728b)
Start importing Assets/Scenes using Guid(c9b1c1ab36fc04a72bcacdfd8c1dc05b) Importer(815301076,1909f56bfc062723c751e8b465ee728b)  -> (artifact id: 'ab525752ecd4d60e22bf1987cc396e07') in 0.006131 seconds
  Import took 0.009378 seconds .

========================================================================
Received Prepare
Registering precompiled user dll's ...
Registered in 0.003445 seconds.
Begin MonoManager ReloadAssembly
Native extension for WindowsStandalone target not found
Native extension for OSXStandalone target not found
Native extension for WebGL target not found
Refreshing native plugins compatible for Editor in 0.60 ms, found 0 plugins.
Preloading 0 native plugins for Editor in 0.00 ms.
Mono: successfully reloaded assembly
- Completed reload, in  1.041 seconds
Platform modules already initialized, skipping
Refreshing native plugins compatible for Editor in 0.56 ms, found 0 plugins.
Preloading 0 native plugins for Editor in 0.00 ms.
Unloading 1661 Unused Serialized files (Serialized files now loaded: 0)
System memory in use before: 72.3 MB.
System memory in use after: 72.4 MB.

Unloading 40 unused Assets to reduce memory usage. Loaded Objects now: 2087.
Total: 5.998600 ms (FindLiveObjects: 0.271800 ms CreateObjectMapping: 0.085300 ms MarkObjects: 5.612700 ms  DeleteObjects: 0.027300 ms)

========================================================================
Received Import Request.
  Time since last request: 179.604543 seconds.
  path: Assets/Scenes/Submarine.unity
  artifactKey: Guid(ea180d5c2a0fe4bd3a916b7b3c598eff) Importer(815301076,1909f56bfc062723c751e8b465ee728b)
Start importing Assets/Scenes/Submarine.unity using Guid(ea180d5c2a0fe4bd3a916b7b3c598eff) Importer(815301076,1909f56bfc062723c751e8b465ee728b)  -> (artifact id: '70772913a3eaa4967e7b596e04887f3d') in 0.025811 seconds
  Import took 0.029956 seconds .

========================================================================
Received Prepare
Registering precompiled user dll's ...
Registered in 0.004673 seconds.
Begin MonoManager ReloadAssembly
Native extension for WindowsStandalone target not found
Native extension for OSXStandalone target not found
Native extension for WebGL target not found
Refreshing native plugins compatible for Editor in 0.61 ms, found 0 plugins.
Preloading 0 native plugins for Editor in 0.00 ms.
Mono: successfully reloaded assembly
- Completed reload, in  1.023 seconds
Platform modules already initialized, skipping
Refreshing native plugins compatible for Editor in 0.62 ms, found 0 plugins.
Preloading 0 native plugins for Editor in 0.00 ms.
Unloading 1661 Unused Serialized files (Serialized files now loaded: 0)
System memory in use before: 72.4 MB.
System memory in use after: 72.5 MB.

Unloading 40 unused Assets to reduce memory usage. Loaded Objects now: 2090.
Total: 6.269000 ms (FindLiveObjects: 0.345400 ms CreateObjectMapping: 0.168500 ms MarkObjects: 5.693500 ms  DeleteObjects: 0.057100 ms)

========================================================================
Received Import Request.
  Time since last request: 8.132949 seconds.
  path: Assets/Scenes/Submarine 1.unity
  artifactKey: Guid(a6e67448e1c88c94caf4066ba551ea3d) Importer(815301076,1909f56bfc062723c751e8b465ee728b)
Start importing Assets/Scenes/Submarine 1.unity using Guid(a6e67448e1c88c94caf4066ba551ea3d) Importer(815301076,1909f56bfc062723c751e8b465ee728b)  -> (artifact id: 'c46b3662eef0ddc52beb60eaf416cc95') in 0.013871 seconds
  Import took 0.016678 seconds .

========================================================================
Received Import Request.
  Time since last request: 10.587509 seconds.
  path: Assets
  artifactKey: Guid(00000000000000001000000000000000) Importer(815301076,1909f56bfc062723c751e8b465ee728b)
Start importing Assets using Guid(00000000000000001000000000000000) Importer(815301076,1909f56bfc062723c751e8b465ee728b)  -> (artifact id: '42d402b061de3733987d63b9cc3b64de') in 0.130851 seconds
  Import took 0.134247 seconds .

========================================================================
Received Import Request.
  Time since last request: 8.253730 seconds.
  path: Assets/Marching Cubes
  artifactKey: Guid(8af950b1766660149bcf8bd1a49b5b25) Importer(815301076,1909f56bfc062723c751e8b465ee728b)
Start importing Assets/Marching Cubes using Guid(8af950b1766660149bcf8bd1a49b5b25) Importer(815301076,1909f56bfc062723c751e8b465ee728b)  -> (artifact id: '9cdc883272b55081009bc8ddbc61bf78') in 0.009287 seconds
  Import took 0.013975 seconds .

========================================================================
Received Import Request.
  Time since last request: 1.136918 seconds.
  path: Assets/Editor
  artifactKey: Guid(a77cd8598c5c144ac8b439e6947e2c80) Importer(815301076,1909f56bfc062723c751e8b465ee728b)
Start importing Assets/Editor using Guid(a77cd8598c5c144ac8b439e6947e2c80) Importer(815301076,1909f56bfc062723c751e8b465ee728b)  -> (artifact id: '48a30da60a4e7b9f3fc1a7a30a9d49a0') in 0.012522 seconds
  Import took 0.020193 seconds .

========================================================================
Received Prepare
Registering precompiled user dll's ...
Registered in 0.004305 seconds.
Begin MonoManager ReloadAssembly
Native extension for WindowsStandalone target not found
Native extension for OSXStandalone target not found
Native extension for WebGL target not found
Refreshing native plugins compatible for Editor in 0.63 ms, found 0 plugins.
Preloading 0 native plugins for Editor in 0.00 ms.
Mono: successfully reloaded assembly
- Completed reload, in  1.157 seconds
Platform modules already initialized, skipping
Refreshing native plugins compatible for Editor in 0.56 ms, found 0 plugins.
Preloading 0 native plugins for Editor in 0.00 ms.
Unloading 1661 Unused Serialized files (Serialized files now loaded: 0)
System memory in use before: 72.4 MB.
System memory in use after: 72.5 MB.

Unloading 40 unused Assets to reduce memory usage. Loaded Objects now: 2093.
Total: 6.553000 ms (FindLiveObjects: 0.198500 ms CreateObjectMapping: 0.053100 ms MarkObjects: 6.274000 ms  DeleteObjects: 0.026200 ms)

========================================================================
Received Import Request.
  Time since last request: 18.384034 seconds.
  path: Assets/Scene
  artifactKey: Guid(00a87340dbd430d4eb8e6783709b5427) Importer(815301076,1909f56bfc062723c751e8b465ee728b)
Start importing Assets/Scene using Guid(00a87340dbd430d4eb8e6783709b5427) Importer(815301076,1909f56bfc062723c751e8b465ee728b)  -> (artifact id: 'c288a66d4e29c3276ffba228edc698b6') in 0.012396 seconds
  Import took 0.016185 seconds .

========================================================================
Received Import Request.
  Time since last request: 0.002088 seconds.
  path: Assets/Scene
  artifactKey: Guid(00a87340dbd430d4eb8e6783709b5427) Importer(815301076,1909f56bfc062723c751e8b465ee728b)
Start importing Assets/Scene using Guid(00a87340dbd430d4eb8e6783709b5427) Importer(815301076,1909f56bfc062723c751e8b465ee728b)  -> (artifact id: 'c288a66d4e29c3276ffba228edc698b6') in 0.006545 seconds
  Import took 0.010812 seconds .

========================================================================
Received Import Request.
  Time since last request: 3.627709 seconds.
  path: Assets/Resources
  artifactKey: Guid(3e3398d61169b344ea8756dd9d6581af) Importer(815301076,1909f56bfc062723c751e8b465ee728b)
Start importing Assets/Resources using Guid(3e3398d61169b344ea8756dd9d6581af) Importer(815301076,1909f56bfc062723c751e8b465ee728b)  -> (artifact id: 'c756e74896b02f2576a29b552799bef5') in 0.011015 seconds
  Import took 0.016073 seconds .

========================================================================
Received Import Request.
  Time since last request: 0.001082 seconds.
  path: Assets/Resources
  artifactKey: Guid(3e3398d61169b344ea8756dd9d6581af) Importer(815301076,1909f56bfc062723c751e8b465ee728b)
Start importing Assets/Resources using Guid(3e3398d61169b344ea8756dd9d6581af) Importer(815301076,1909f56bfc062723c751e8b465ee728b)  -> (artifact id: 'c756e74896b02f2576a29b552799bef5') in 0.006280 seconds
  Import took 0.010289 seconds .

========================================================================
Received Import Request.
  Time since last request: 0.647495 seconds.
  path: Assets/Resources/BillingMode.json
  artifactKey: Guid(76d6fb4927dabfc409b3de437dd1b509) Importer(815301076,1909f56bfc062723c751e8b465ee728b)
Start importing Assets/Resources/BillingMode.json using Guid(76d6fb4927dabfc409b3de437dd1b509) Importer(815301076,1909f56bfc062723c751e8b465ee728b)  -> (artifact id: '6a2549ac11983a85813571b4bc28f448') in 0.269773 seconds
  Import took 0.272687 seconds .

========================================================================
Received Import Request.
  Time since last request: 33.944523 seconds.
  path: Assets/Scene/UnderWater.unity
  artifactKey: Guid(a6e67448e1c88c94caf4066ba551ea3d) Importer(815301076,1909f56bfc062723c751e8b465ee728b)
Start importing Assets/Scene/UnderWater.unity using Guid(a6e67448e1c88c94caf4066ba551ea3d) Importer(815301076,1909f56bfc062723c751e8b465ee728b)  -> (artifact id: 'd8db784350ecb736299f40c74f5f8cff') in 0.010265 seconds
  Import took 0.015749 seconds .

========================================================================
Received Prepare
Registering precompiled user dll's ...
Registered in 0.003293 seconds.
Begin MonoManager ReloadAssembly
Native extension for WindowsStandalone target not found
Native extension for OSXStandalone target not found
Native extension for WebGL target not found
Refreshing native plugins compatible for Editor in 0.68 ms, found 0 plugins.
Preloading 0 native plugins for Editor in 0.00 ms.
[ScriptCompilation] NOT recompiling all scripts because this is an import worker process. Reason to compile was: Define symbols changed
Mono: successfully reloaded assembly
- Completed reload, in  1.249 seconds
Platform modules already initialized, skipping
Refreshing native plugins compatible for Editor in 0.75 ms, found 0 plugins.
Preloading 0 native plugins for Editor in 0.00 ms.
Unloading 1781 Unused Serialized files (Serialized files now loaded: 0)
System memory in use before: 81.2 MB.
System memory in use after: 79.2 MB.

Unloading 67 unused Assets to reduce memory usage. Loaded Objects now: 2189.
Total: 9.656800 ms (FindLiveObjects: 0.225800 ms CreateObjectMapping: 0.067600 ms MarkObjects: 8.302000 ms  DeleteObjects: 1.059500 ms)

========================================================================
Received Import Request.
  Time since last request: 206.821529 seconds.
  path: ProjectSettings/TagManager.asset
  artifactKey: Guid(00000000000000003000000000000000) Importer(815301076,1909f56bfc062723c751e8b465ee728b)
Start importing ProjectSettings/TagManager.asset using Guid(00000000000000003000000000000000) Importer(815301076,1909f56bfc062723c751e8b465ee728b)  -> (artifact id: '95df672b4aaba54310d34c83eef51bb8') in 0.024059 seconds
  Import took 0.027610 seconds .

========================================================================
Received Import Request.
  Time since last request: 0.234860 seconds.
  path: ProjectSettings/TagManager.asset
  artifactKey: Guid(00000000000000003000000000000000) Importer(815301076,1909f56bfc062723c751e8b465ee728b)
Start importing ProjectSettings/TagManager.asset using Guid(00000000000000003000000000000000) Importer(815301076,1909f56bfc062723c751e8b465ee728b)  -> (artifact id: '95df672b4aaba54310d34c83eef51bb8') in 0.008885 seconds
  Import took 0.016909 seconds .

